<?xml version="1.0" encoding="UTF-8"?>
<!-- Generated by org.testng.reporters.JUnitReportReporter -->
<testsuite hostname="DESKTOP-FKHI83U" failures="0" tests="1" name="rahulshettyacademy.tests.ErrorValidation" time="8.162" errors="0" timestamp="2024-03-02T17:48:43 IST" skipped="0">
  <testcase classname="rahulshettyacademy.tests.ErrorValidation" name="submitOrder" time="8.162"/>
</testsuite> <!-- rahulshettyacademy.tests.ErrorValidation -->
