<?xml version="1.0" encoding="UTF-8"?>
<!-- Generated by org.testng.reporters.JUnitReportReporter -->
<testsuite hostname="DESKTOP-FKHI83U" failures="0" tests="2" name="rahulshettyacademy.tests.SubmitOrderTest" time="35.828" errors="0" timestamp="2024-07-07T18:08:09 IST" skipped="0">
  <testcase classname="rahulshettyacademy.tests.SubmitOrderTest" name="submitOrder" time="21.051"/>
  <testcase classname="rahulshettyacademy.tests.SubmitOrderTest" name="submitOrder" time="14.777"/>
</testsuite> <!-- rahulshettyacademy.tests.SubmitOrderTest -->
